Aug  9 06:20:42[54257] Font(id 2d1) width(45) is not matched with standard width(24).
Aug  9 06:58:36[56246] _XROOTPMAP_ID is not found. Trying ParentRelative for transparency instead.
Aug  9 06:58:36[56246] (brightness, contrast, gamma and alpha options are ignored)
Aug  9 06:58:36[56246] _XROOTPMAP_ID is not found. Trying ParentRelative for transparency instead.
Aug  9 06:58:36[56246] (brightness, contrast, gamma and alpha options are ignored)
Aug  9 07:26:17[58143] _XROOTPMAP_ID is not found. Trying ParentRelative for transparency instead.
Aug  9 07:26:17[58143] (brightness, contrast, gamma and alpha options are ignored)
Aug  9 07:26:17[58143] _XROOTPMAP_ID is not found. Trying ParentRelative for transparency instead.
Aug  9 07:26:17[58143] (brightness, contrast, gamma and alpha options are ignored)
Aug  9 07:28:56[58143] _XROOTPMAP_ID is not found. Trying ParentRelative for transparency instead.
Aug  9 07:28:56[58143] (brightness, contrast, gamma and alpha options are ignored)
Aug  9 07:28:56[58143] _XROOTPMAP_ID is not found. Trying ParentRelative for transparency instead.
Aug  9 07:28:56[58143] (brightness, contrast, gamma and alpha options are ignored)
Aug  9 19:33:57[981] _XROOTPMAP_ID is not found. Trying ParentRelative for transparency instead.
Aug  9 19:33:57[981] (brightness, contrast, gamma and alpha options are ignored)
Aug  9 19:33:57[981] _XROOTPMAP_ID is not found. Trying ParentRelative for transparency instead.
Aug  9 19:33:57[981] (brightness, contrast, gamma and alpha options are ignored)
Aug  9 20:15:12[2647] _XROOTPMAP_ID is not found. Trying ParentRelative for transparency instead.
Aug  9 20:15:12[2647] (brightness, contrast, gamma and alpha options are ignored)
Aug  9 20:15:12[2647] _XROOTPMAP_ID is not found. Trying ParentRelative for transparency instead.
Aug  9 20:15:12[2647] (brightness, contrast, gamma and alpha options are ignored)
Aug  9 20:18:39[3801] Set use_variable_column_width=false forcibly.
Aug  9 20:18:42[3801] Not supported selection in vertical mode.
Aug  9 20:18:42[3801] Not supported selection in vertical mode.
Aug  9 20:18:42[3801] Not supported selection in vertical mode.
Aug  9 20:18:42[3801] Not supported selection in vertical mode.
Aug  9 20:18:42[3801] Not supported selection in vertical mode.
Aug  9 20:18:42[3801] Not supported selection in vertical mode.
Aug  9 20:18:42[3801] Not supported selection in vertical mode.
Aug  9 20:18:42[3801] Not supported selection in vertical mode.
Aug  9 20:18:42[3801] Not supported selection in vertical mode.
Aug  9 20:18:42[3801] Not supported selection in vertical mode.
Aug  9 20:18:43[3801] Not supported selection in vertical mode.
Aug  9 20:18:43[3801] Not supported selection in vertical mode.
Aug  9 20:18:43[3801] Not supported selection in vertical mode.
Aug  9 20:18:43[3801] Not supported selection in vertical mode.
Aug  9 20:18:43[3801] Not supported selection in vertical mode.
Aug  9 20:18:43[3801] Not supported selection in vertical mode.
Aug  9 20:18:43[3801] Not supported selection in vertical mode.
Aug  9 20:18:43[3801] Not supported selection in vertical mode.
Aug  9 20:18:43[3801] Not supported selection in vertical mode.
Aug  9 20:18:43[3801] Not supported selection in vertical mode.
Aug  9 20:18:43[3801] Not supported selection in vertical mode.
Aug  9 20:18:43[3801] Not supported selection in vertical mode.
Aug  9 20:18:43[3801] Not supported selection in vertical mode.
Aug  9 20:18:43[3801] Not supported selection in vertical mode.
Aug  9 20:18:43[3801] Not supported selection in vertical mode.
Aug  9 20:24:34[3801] Font(id 30d1) width(9) is not matched with standard width(10).
Aug  9 20:24:34[3801] Font(id 30d1) width(9) is not matched with standard width(10).
Aug  9 20:24:34[3801] Font(id 30d1) width(9) is not matched with standard width(10).
Aug  9 20:24:34[3801] Font(id 30d1) width(9) is not matched with standard width(10).
Aug  9 20:24:34[3801] Font(id 30d1) width(9) is not matched with standard width(10).
Aug  9 20:24:34[3801] Font(id 30d1) width(9) is not matched with standard width(10).
Aug  9 20:25:08[3801] Font(id 30d1) width(13) is not matched with standard width(10).
Aug  9 20:25:08[3801] Font(id 30d1) width(13) is not matched with standard width(10).
Aug  9 20:25:08[3801] Font(id 30d1) width(13) is not matched with standard width(10).
Aug  9 20:25:08[3801] Font(id 30d1) width(13) is not matched with standard width(10).
Aug  9 20:25:08[3801] Font(id 30d1) width(13) is not matched with standard width(10).
Aug  9 20:25:08[3801] Font(id 30d1) width(13) is not matched with standard width(10).
Aug  9 20:27:21[3801] Font(id 30d1) width(11) is not matched with standard width(10).
Aug  9 20:27:21[3801] Font(id 30d1) width(11) is not matched with standard width(10).
Aug  9 20:27:22[3801] Font(id 30d1) width(8) is not matched with standard width(10).
Aug  9 20:27:23[3801] Font(id 30d1) width(11) is not matched with standard width(10).
Aug  9 20:27:24[3801] Font(id 30d1) width(11) is not matched with standard width(10).
Aug  9 20:27:25[3801] Font(id 30d1) width(11) is not matched with standard width(10).
Aug  9 20:34:35[3801] Set use_variable_column_width=false forcibly.
Aug  9 20:34:35[3801] Font(id 30d1) width(24) is not matched with standard width(20).
Aug  9 21:18:28[3801] Ignore underline_offset (3)
Aug  9 21:26:33[6735] _XROOTPMAP_ID is not found. Trying ParentRelative for transparency instead.
Aug  9 21:26:33[6735] (brightness, contrast, gamma and alpha options are ignored)
Aug  9 21:31:46[6819] Font(id 40d1) width(9) is not matched with standard width(7).
Aug  9 21:43:14[6819] _XROOTPMAP_ID is not found. Trying ParentRelative for transparency instead.
Aug  9 21:43:14[6819] (brightness, contrast, gamma and alpha options are ignored)
Aug  9 21:43:14[6819] _XROOTPMAP_ID is not found. Trying ParentRelative for transparency instead.
Aug  9 21:43:14[6819] (brightness, contrast, gamma and alpha options are ignored)
Aug  9 22:02:22[8627] Ignore baseline_offset (3)
Aug  9 22:02:23[8627] Ignore baseline_offset (3)
Aug  9 22:02:23[8627] Ignore baseline_offset (3)
Aug  9 22:02:39[8627] Ignore baseline_offset (2)
Aug  9 22:02:39[8627] Ignore baseline_offset (2)
Aug  9 22:30:02[10632] Wall picture file ~/.mlterm/pic.jpg is not found.
Aug  9 22:30:19[10717] Wall picture file ~/.mlterm/pic.jpg is not found.
Aug  9 22:33:08[10717] Font(id 20d1) width(11) is not matched with standard width(7).
Aug  9 22:33:26[10717] Font(id 20d1) width(11) is not matched with standard width(7).
Aug  9 22:33:26[10717] Font(id 20d1) width(11) is not matched with standard width(7).
Aug  9 22:33:26[10717] Font(id 20d1) width(11) is not matched with standard width(7).
Aug  9 22:33:27[10717] Font(id 20d1) width(11) is not matched with standard width(7).
Aug  9 22:33:27[10717] Font(id 20d1) width(11) is not matched with standard width(7).
Aug  9 22:33:27[10717] Font(id 20d1) width(11) is not matched with standard width(7).
Aug  9 22:34:20[10717] Ignore baseline_offset (2)
Aug  9 22:34:20[10717] Ignore baseline_offset (2)
Aug  9 22:34:23[10717] Ignore baseline_offset (2)
Aug  9 22:34:43[10717] Ignore baseline_offset (2)
Aug  9 22:34:53[10717] Ignore baseline_offset (2)
Aug  9 22:35:12[10717] Ignore baseline_offset (2)
Aug  9 22:35:12[10717] Ignore baseline_offset (2)
Aug  9 22:35:18[10717] Ignore baseline_offset (2)
Aug  9 22:35:26[10717] Ignore baseline_offset (2)
Aug  9 22:35:30[10717] Ignore baseline_offset (2)
Aug  9 22:35:34[10717] Ignore baseline_offset (2)
Aug  9 22:35:38[10717] Ignore baseline_offset (2)
Aug  9 22:35:41[10717] Ignore baseline_offset (2)
Aug  9 22:35:42[10717] Ignore baseline_offset (2)
Aug  9 22:35:42[10717] Ignore baseline_offset (2)
Aug  9 22:35:43[10717] Ignore baseline_offset (2)
Aug  9 22:36:07[10717] Ignore baseline_offset (2)
Aug  9 22:36:14[10717] Ignore baseline_offset (2)
Aug  9 22:36:18[10717] Ignore baseline_offset (2)
Aug  9 22:36:21[10717] Ignore baseline_offset (2)
Aug  9 22:36:27[10717] Ignore baseline_offset (2)
Aug  9 22:36:31[10717] Ignore baseline_offset (2)
Aug  9 22:36:35[10717] Ignore baseline_offset (2)
Aug  9 22:37:00[10717] Ignore baseline_offset (2)
Aug  9 22:37:01[10717] Ignore baseline_offset (2)
Aug  9 22:37:03[10717] Ignore baseline_offset (2)
Aug  9 22:37:03[10717] Ignore baseline_offset (2)
Aug  9 22:40:20[11095] Wall picture file ~/.mlterm/pic.jpg is not found.
Aug  9 22:44:18[11199] Wall picture file ~/.mlterm/pic.jpg is not found.
Aug  9 22:44:30[11263] Wall picture file ~/.mlterm/pic.jpg is not found.
Aug  9 22:49:20[11399] Wall picture file ~/.mlterm/pic.jpg is not found.
Aug  9 22:57:42[11506] Wall picture file ~/.mlterm/pic.jpg is not found.
Aug  9 22:57:59[11562] Wall picture file ~/.mlterm/pic.jpg is not found.
Aug  9 22:58:20[11610] Wall picture file ~/.mlterm/pic.jpg is not found.
Aug  9 23:00:49[11681] Wall picture file ~/.mlterm/pic.jpg is not found.
Aug  9 23:37:56[12350] Wall picture file ~/.mlterm/pic.jpg is not found.
Aug  9 23:43:33[12350] Set use_combining=false forcibly to enable use_dynamic_comb.
Aug  9 23:45:43[12350] Set use_variable_column_width=false forcibly.
Aug  9 23:45:43[12350] Font(id d1) width(24) is not matched with standard width(26).
Aug  9 23:45:43[12350] Font(id 4d1) width(24) is not matched with standard width(26).
Aug  9 23:45:43[12350] Font(id d1) width(24) is not matched with standard width(26).
Aug  9 23:45:43[12350] Font(id 4d1) width(24) is not matched with standard width(26).
Aug  9 23:45:47[12350] Font(id d1) width(12) is not matched with standard width(13).
Aug  9 23:45:47[12350] Font(id 4d1) width(12) is not matched with standard width(13).
Aug  9 23:47:18[12350] Font(id d1) width(12) is not matched with standard width(13).
Aug  9 23:47:18[12350] Font(id 4d1) width(12) is not matched with standard width(13).
Aug  9 23:47:18[12350] Font(id d1) width(12) is not matched with standard width(13).
Aug  9 23:47:18[12350] Font(id 4d1) width(12) is not matched with standard width(13).
Aug  9 23:47:33[12350] Font(id d1) width(12) is not matched with standard width(13).
Aug  9 23:53:23[12969] Wall picture file ~/.mlterm/pic.jpg is not found.
Aug  9 23:53:58[13188] Wall picture file ~/.mlterm/pic.jpg is not found.
Aug  9 23:58:37[13188] Font(id d1) width(8) is not matched with standard width(11).
Aug  9 23:58:37[13188] Font(id 4d1) width(8) is not matched with standard width(11).
Aug  9 23:58:37[13188] Font(id 6c) width(8) is not matched with standard width(11).
Aug  9 23:58:37[13188] Font(id 62) width(8) is not matched with standard width(11).
Aug  9 23:59:45[13188] Font(id 86) width(11) is not matched with standard width(8).
Aug  9 23:59:45[13188] Font(id 486) width(11) is not matched with standard width(8).
Aug 10 00:00:13[13645] Wall picture file ~/.mlterm/pic.jpg is not found.
Aug 10 00:02:01[13701] Wall picture file ~/.mlterm/pic.jpg is not found.
Aug 10 00:33:44[14690] Wall picture file ~/.mlterm/pic.jpg is not found.
Aug 10 00:50:58[15430] Wall picture file ~/.mlterm/pic.jpg is not found.
Aug 10 00:58:09[15516] Wall picture file ~/.mlterm/pic.jpg is not found.
Aug 10 00:59:00[15591] Wall picture file ~/.mlterm/pic.jpg is not found.
Aug 10 00:59:52[15656] Wall picture file ~/.mlterm/pic.jpg is not found.
Aug 10 01:03:55[15822] Wall picture file ~/.mlterm/pic.jpg is not found.
Aug 10 01:04:17[15867] Wall picture file ~/.mlterm/pic.jpg is not found.
Aug 10 01:11:05[15975] Wall picture file ~/.mlterm/pic.jpg is not found.
Aug 10 01:14:13[16069] Wall picture file ~/.mlterm/pic.jpg is not found.
Aug 10 01:15:19[16136] Wall picture file ~/.mlterm/pic.jpg is not found.
Aug 10 01:25:39[16373] Wall picture file ~/.mlterm/pic.jpg is not found.
Aug 10 01:40:08[16929] Wall picture file ~/.mlterm/pic.jpg is not found.
Aug 10 01:41:49[16993] Wall picture file ~/.mlterm/pic.jpg is not found.
Aug 10 01:56:00[29753] Wall picture file ~/.mlterm/pic.jpg is not found.
Aug 10 01:57:49[29834] Wall picture file ~/.mlterm/pic.jpg is not found.
Aug 10 02:02:37[29931] Wall picture file ~/.mlterm/pic.jpg is not found.
Aug 10 02:07:32[30017] Wall picture file ~/.mlterm/pic.jpg is not found.
Aug 10 02:11:08[30123] Wall picture file ~/.mlterm/pic.jpg is not found.
Aug 10 02:13:06[30123] Ignore baseline_offset (3)
Aug 10 02:13:12[30123] Ignore baseline_offset (3)
Aug 10 02:13:16[30123] Ignore baseline_offset (3)
Aug 10 02:13:22[30123] Ignore baseline_offset (3)
Aug 10 02:13:25[30123] Ignore baseline_offset (3)
Aug 10 02:13:32[30123] Ignore baseline_offset (3)
Aug 10 02:13:44[30191] Ignore baseline_offset (3)
Aug 10 02:19:09[30515] Ignore baseline_offset (3)
Aug 10 02:20:27[30601] Ignore baseline_offset (3)
Aug 10 02:21:06[30666] Ignore baseline_offset (3)
Aug 10 02:22:34[30769] Ignore baseline_offset (3)
Aug 10 02:26:07[30892] Ignore baseline_offset (3)
Aug 10 02:27:13[31019] Ignore baseline_offset (3)
Aug 10 02:34:04[31019] Set use_variable_column_width=false forcibly.
Aug 10 02:34:04[31019] Font(id d1) width(20) is not matched with standard width(22).
Aug 10 02:34:04[31019] Font(id 4d1) width(20) is not matched with standard width(22).
Aug 10 02:34:04[31019] Font(id 10d1) width(30) is not matched with standard width(22).
Aug 10 02:34:12[31019] Font(id d1) width(20) is not matched with standard width(22).
Aug 10 02:34:12[31019] Font(id 4d1) width(20) is not matched with standard width(22).
Aug 10 02:34:14[31019] Font(id d1) width(10) is not matched with standard width(11).
Aug 10 02:34:14[31019] Font(id 4d1) width(10) is not matched with standard width(11).
Aug 10 02:34:21[31019] Font(id d1) width(10) is not matched with standard width(11).
Aug 10 02:34:21[31019] Font(id 4d1) width(10) is not matched with standard width(11).
Aug 10 02:34:21[31019] Font(id d1) width(10) is not matched with standard width(11).
Aug 10 02:34:21[31019] Font(id 4d1) width(10) is not matched with standard width(11).
Aug 10 02:34:26[31019] Font(id 10d1) width(13) is not matched with standard width(11).
Aug 10 02:35:21[31019] Font(id d1) width(10) is not matched with standard width(11).
Aug 10 02:35:21[31019] Font(id 4d1) width(10) is not matched with standard width(11).
Aug 10 02:35:21[31019] Font(id 10d1) width(13) is not matched with standard width(11).
Aug 10 02:36:01[31019] Failed to parse MesloLGS NF 19:-14.
Aug 10 02:36:01[31019] Failed to parse MesloLGS NF 19:-14.
Aug 10 02:51:53[31019] Font(id d1) width(9) is not matched with standard width(10).
Aug 10 02:51:53[31019] Font(id 4d1) width(9) is not matched with standard width(10).
Aug 10 02:51:53[31019] Font(id d1) width(12) is not matched with standard width(10).
Aug 10 02:51:53[31019] Font(id 4d1) width(12) is not matched with standard width(10).
Aug 10 02:51:56[31019] Font(id d1) width(9) is not matched with standard width(10).
Aug 10 02:51:56[31019] Font(id 4d1) width(9) is not matched with standard width(10).
Aug 10 02:53:58[31019] _XROOTPMAP_ID is not found. Trying ParentRelative for transparency instead.
Aug 10 02:53:58[31019] (brightness, contrast, gamma and alpha options are ignored)
Aug 10 02:53:58[31019] _XROOTPMAP_ID is not found. Trying ParentRelative for transparency instead.
Aug 10 02:53:58[31019] (brightness, contrast, gamma and alpha options are ignored)
Aug 10 03:16:21[32386] Ignore baseline_offset (3)
Aug 10 03:16:33[32485] Ignore baseline_offset (3)
Aug 10 03:27:27[33077] _XROOTPMAP_ID is not found. Trying ParentRelative for transparency instead.
Aug 10 03:27:27[33077] (brightness, contrast, gamma and alpha options are ignored)
Aug 10 03:36:30[33212] Set use_combining=false forcibly to enable use_dynamic_comb.
Aug 10 03:36:39[33353] Set use_combining=false forcibly to enable use_dynamic_comb.
Aug 10 03:37:52[33464] Set use_combining=false forcibly to enable use_dynamic_comb.
Aug 10 03:38:15[33544] Set use_combining=false forcibly to enable use_dynamic_comb.
Aug 10 03:38:15[33544] _XROOTPMAP_ID is not found. Trying ParentRelative for transparency instead.
Aug 10 03:38:15[33544] (brightness, contrast, gamma and alpha options are ignored)
Aug 10 03:38:25[33590] Set use_combining=false forcibly to enable use_dynamic_comb.
Aug 10 03:41:01[33720] Set use_combining=false forcibly to enable use_dynamic_comb.
Aug 10 03:42:08[33796] Set use_combining=false forcibly to enable use_dynamic_comb.
Aug 10 03:44:13[34040] Set use_combining=false forcibly to enable use_dynamic_comb.
Aug 10 03:45:12[34147] Set use_combining=false forcibly to enable use_dynamic_comb.
